<?xml version="1.0" encoding="UTF-8"?>
<testsuite xmlns:xsi="http://www.w3.org/2001/XMLSchema-instance" xsi:noNamespaceSchemaLocation="https://maven.apache.org/surefire/maven-surefire-plugin/xsd/surefire-test-report.xsd" name="TestSuite" time="49.292" tests="9" errors="0" skipped="5" failures="1">
  <properties>
    <property name="gopherProxySet" value="false"/>
    <property name="awt.toolkit" value="sun.lwawt.macosx.LWCToolkit"/>
    <property name="java.specification.version" value="11"/>
    <property name="sun.cpu.isalist" value=""/>
    <property name="sun.jnu.encoding" value="UTF-8"/>
    <property name="java.class.path" value="/Users/tien.dao/eclipse-workspace/MySeleniumDemo/target/test-classes:/Users/tien.dao/eclipse-workspace/MySeleniumDemo/target/classes:/Users/tien.dao/.m2/repository/org/seleniumhq/selenium/selenium-java/3.14.0/selenium-java-3.14.0.jar:/Users/tien.dao/.m2/repository/org/seleniumhq/selenium/selenium-api/3.14.0/selenium-api-3.14.0.jar:/Users/tien.dao/.m2/repository/org/seleniumhq/selenium/selenium-chrome-driver/3.14.0/selenium-chrome-driver-3.14.0.jar:/Users/tien.dao/.m2/repository/org/seleniumhq/selenium/selenium-edge-driver/3.14.0/selenium-edge-driver-3.14.0.jar:/Users/tien.dao/.m2/repository/org/seleniumhq/selenium/selenium-firefox-driver/3.14.0/selenium-firefox-driver-3.14.0.jar:/Users/tien.dao/.m2/repository/org/seleniumhq/selenium/selenium-ie-driver/3.14.0/selenium-ie-driver-3.14.0.jar:/Users/tien.dao/.m2/repository/org/seleniumhq/selenium/selenium-opera-driver/3.14.0/selenium-opera-driver-3.14.0.jar:/Users/tien.dao/.m2/repository/org/seleniumhq/selenium/selenium-remote-driver/3.14.0/selenium-remote-driver-3.14.0.jar:/Users/tien.dao/.m2/repository/org/seleniumhq/selenium/selenium-safari-driver/3.14.0/selenium-safari-driver-3.14.0.jar:/Users/tien.dao/.m2/repository/org/seleniumhq/selenium/selenium-support/3.14.0/selenium-support-3.14.0.jar:/Users/tien.dao/.m2/repository/net/bytebuddy/byte-buddy/1.8.15/byte-buddy-1.8.15.jar:/Users/tien.dao/.m2/repository/org/apache/commons/commons-exec/1.3/commons-exec-1.3.jar:/Users/tien.dao/.m2/repository/commons-codec/commons-codec/1.10/commons-codec-1.10.jar:/Users/tien.dao/.m2/repository/commons-logging/commons-logging/1.2/commons-logging-1.2.jar:/Users/tien.dao/.m2/repository/com/google/guava/guava/25.0-jre/guava-25.0-jre.jar:/Users/tien.dao/.m2/repository/com/google/code/findbugs/jsr305/1.3.9/jsr305-1.3.9.jar:/Users/tien.dao/.m2/repository/org/checkerframework/checker-compat-qual/2.0.0/checker-compat-qual-2.0.0.jar:/Users/tien.dao/.m2/repository/com/google/errorprone/error_prone_annotations/2.1.3/error_prone_annotations-2.1.3.jar:/Users/tien.dao/.m2/repository/com/google/j2objc/j2objc-annotations/1.1/j2objc-annotations-1.1.jar:/Users/tien.dao/.m2/repository/org/codehaus/mojo/animal-sniffer-annotations/1.14/animal-sniffer-annotations-1.14.jar:/Users/tien.dao/.m2/repository/org/apache/httpcomponents/httpclient/4.5.5/httpclient-4.5.5.jar:/Users/tien.dao/.m2/repository/org/apache/httpcomponents/httpcore/4.4.9/httpcore-4.4.9.jar:/Users/tien.dao/.m2/repository/com/squareup/okhttp3/okhttp/3.10.0/okhttp-3.10.0.jar:/Users/tien.dao/.m2/repository/com/squareup/okio/okio/1.14.1/okio-1.14.1.jar:/Users/tien.dao/.m2/repository/org/testng/testng/6.11/testng-6.11.jar:/Users/tien.dao/.m2/repository/com/beust/jcommander/1.64/jcommander-1.64.jar:/Users/tien.dao/.m2/repository/org/yaml/snakeyaml/1.17/snakeyaml-1.17.jar:/Users/tien.dao/.m2/repository/org/apache/poi/poi/3.16-beta2/poi-3.16-beta2.jar:/Users/tien.dao/.m2/repository/org/apache/commons/commons-collections4/4.1/commons-collections4-4.1.jar:/Users/tien.dao/.m2/repository/org/apache/poi/poi-ooxml/3.9/poi-ooxml-3.9.jar:/Users/tien.dao/.m2/repository/org/apache/poi/poi-ooxml-schemas/3.9/poi-ooxml-schemas-3.9.jar:/Users/tien.dao/.m2/repository/org/apache/xmlbeans/xmlbeans/2.3.0/xmlbeans-2.3.0.jar:/Users/tien.dao/.m2/repository/stax/stax-api/1.0.1/stax-api-1.0.1.jar:/Users/tien.dao/.m2/repository/dom4j/dom4j/1.6.1/dom4j-1.6.1.jar:/Users/tien.dao/.m2/repository/xml-apis/xml-apis/1.0.b2/xml-apis-1.0.b2.jar:/Users/tien.dao/.m2/repository/org/apache/poi/openxml4j/1.0-beta/openxml4j-1.0-beta.jar:/Users/tien.dao/.m2/repository/log4j/log4j/1.2.8/log4j-1.2.8.jar:/Users/tien.dao/.m2/repository/com/relevantcodes/extentreports/2.41.2/extentreports-2.41.2.jar:/Users/tien.dao/.m2/repository/org/jsoup/jsoup/1.8.3/jsoup-1.8.3.jar:/Users/tien.dao/.m2/repository/org/xerial/sqlite-jdbc/3.8.11.1/sqlite-jdbc-3.8.11.1.jar:/Users/tien.dao/.m2/repository/org/freemarker/freemarker/2.3.23/freemarker-2.3.23.jar:/Users/tien.dao/.m2/repository/org/mongodb/mongodb-driver/3.0.4/mongodb-driver-3.0.4.jar:/Users/tien.dao/.m2/repository/org/mongodb/bson/3.0.4/bson-3.0.4.jar:/Users/tien.dao/.m2/repository/org/mongodb/mongodb-driver-core/3.0.4/mongodb-driver-core-3.0.4.jar:/Users/tien.dao/.m2/repository/commons-io/commons-io/2.6/commons-io-2.6.jar:"/>
    <property name="java.vm.vendor" value="Oracle Corporation"/>
    <property name="sun.arch.data.model" value="64"/>
    <property name="java.vendor.url" value="https://openjdk.java.net/"/>
    <property name="user.timezone" value=""/>
    <property name="java.vm.specification.version" value="11"/>
    <property name="os.name" value="Mac OS X"/>
    <property name="sun.java.launcher" value="SUN_STANDARD"/>
    <property name="user.country" value="VN"/>
    <property name="sun.boot.library.path" value="/Library/Java/JavaVirtualMachines/jdk-11.0.11.jdk/Contents/Home/lib"/>
    <property name="sun.java.command" value="/Users/tien.dao/eclipse-workspace/MySeleniumDemo/target/surefire/surefirebooter5899454465225884715.jar /Users/tien.dao/eclipse-workspace/MySeleniumDemo/target/surefire 2021-06-26T14-24-49_628-jvmRun1 surefire4228505886407512846tmp surefire_017263846223543197953tmp"/>
    <property name="http.nonProxyHosts" value="local|*.local|169.254/16|*.169.254/16"/>
    <property name="jdk.debug" value="release"/>
    <property name="surefire.test.class.path" value="/Users/tien.dao/eclipse-workspace/MySeleniumDemo/target/test-classes:/Users/tien.dao/eclipse-workspace/MySeleniumDemo/target/classes:/Users/tien.dao/.m2/repository/org/seleniumhq/selenium/selenium-java/3.14.0/selenium-java-3.14.0.jar:/Users/tien.dao/.m2/repository/org/seleniumhq/selenium/selenium-api/3.14.0/selenium-api-3.14.0.jar:/Users/tien.dao/.m2/repository/org/seleniumhq/selenium/selenium-chrome-driver/3.14.0/selenium-chrome-driver-3.14.0.jar:/Users/tien.dao/.m2/repository/org/seleniumhq/selenium/selenium-edge-driver/3.14.0/selenium-edge-driver-3.14.0.jar:/Users/tien.dao/.m2/repository/org/seleniumhq/selenium/selenium-firefox-driver/3.14.0/selenium-firefox-driver-3.14.0.jar:/Users/tien.dao/.m2/repository/org/seleniumhq/selenium/selenium-ie-driver/3.14.0/selenium-ie-driver-3.14.0.jar:/Users/tien.dao/.m2/repository/org/seleniumhq/selenium/selenium-opera-driver/3.14.0/selenium-opera-driver-3.14.0.jar:/Users/tien.dao/.m2/repository/org/seleniumhq/selenium/selenium-remote-driver/3.14.0/selenium-remote-driver-3.14.0.jar:/Users/tien.dao/.m2/repository/org/seleniumhq/selenium/selenium-safari-driver/3.14.0/selenium-safari-driver-3.14.0.jar:/Users/tien.dao/.m2/repository/org/seleniumhq/selenium/selenium-support/3.14.0/selenium-support-3.14.0.jar:/Users/tien.dao/.m2/repository/net/bytebuddy/byte-buddy/1.8.15/byte-buddy-1.8.15.jar:/Users/tien.dao/.m2/repository/org/apache/commons/commons-exec/1.3/commons-exec-1.3.jar:/Users/tien.dao/.m2/repository/commons-codec/commons-codec/1.10/commons-codec-1.10.jar:/Users/tien.dao/.m2/repository/commons-logging/commons-logging/1.2/commons-logging-1.2.jar:/Users/tien.dao/.m2/repository/com/google/guava/guava/25.0-jre/guava-25.0-jre.jar:/Users/tien.dao/.m2/repository/com/google/code/findbugs/jsr305/1.3.9/jsr305-1.3.9.jar:/Users/tien.dao/.m2/repository/org/checkerframework/checker-compat-qual/2.0.0/checker-compat-qual-2.0.0.jar:/Users/tien.dao/.m2/repository/com/google/errorprone/error_prone_annotations/2.1.3/error_prone_annotations-2.1.3.jar:/Users/tien.dao/.m2/repository/com/google/j2objc/j2objc-annotations/1.1/j2objc-annotations-1.1.jar:/Users/tien.dao/.m2/repository/org/codehaus/mojo/animal-sniffer-annotations/1.14/animal-sniffer-annotations-1.14.jar:/Users/tien.dao/.m2/repository/org/apache/httpcomponents/httpclient/4.5.5/httpclient-4.5.5.jar:/Users/tien.dao/.m2/repository/org/apache/httpcomponents/httpcore/4.4.9/httpcore-4.4.9.jar:/Users/tien.dao/.m2/repository/com/squareup/okhttp3/okhttp/3.10.0/okhttp-3.10.0.jar:/Users/tien.dao/.m2/repository/com/squareup/okio/okio/1.14.1/okio-1.14.1.jar:/Users/tien.dao/.m2/repository/org/testng/testng/6.11/testng-6.11.jar:/Users/tien.dao/.m2/repository/com/beust/jcommander/1.64/jcommander-1.64.jar:/Users/tien.dao/.m2/repository/org/yaml/snakeyaml/1.17/snakeyaml-1.17.jar:/Users/tien.dao/.m2/repository/org/apache/poi/poi/3.16-beta2/poi-3.16-beta2.jar:/Users/tien.dao/.m2/repository/org/apache/commons/commons-collections4/4.1/commons-collections4-4.1.jar:/Users/tien.dao/.m2/repository/org/apache/poi/poi-ooxml/3.9/poi-ooxml-3.9.jar:/Users/tien.dao/.m2/repository/org/apache/poi/poi-ooxml-schemas/3.9/poi-ooxml-schemas-3.9.jar:/Users/tien.dao/.m2/repository/org/apache/xmlbeans/xmlbeans/2.3.0/xmlbeans-2.3.0.jar:/Users/tien.dao/.m2/repository/stax/stax-api/1.0.1/stax-api-1.0.1.jar:/Users/tien.dao/.m2/repository/dom4j/dom4j/1.6.1/dom4j-1.6.1.jar:/Users/tien.dao/.m2/repository/xml-apis/xml-apis/1.0.b2/xml-apis-1.0.b2.jar:/Users/tien.dao/.m2/repository/org/apache/poi/openxml4j/1.0-beta/openxml4j-1.0-beta.jar:/Users/tien.dao/.m2/repository/log4j/log4j/1.2.8/log4j-1.2.8.jar:/Users/tien.dao/.m2/repository/com/relevantcodes/extentreports/2.41.2/extentreports-2.41.2.jar:/Users/tien.dao/.m2/repository/org/jsoup/jsoup/1.8.3/jsoup-1.8.3.jar:/Users/tien.dao/.m2/repository/org/xerial/sqlite-jdbc/3.8.11.1/sqlite-jdbc-3.8.11.1.jar:/Users/tien.dao/.m2/repository/org/freemarker/freemarker/2.3.23/freemarker-2.3.23.jar:/Users/tien.dao/.m2/repository/org/mongodb/mongodb-driver/3.0.4/mongodb-driver-3.0.4.jar:/Users/tien.dao/.m2/repository/org/mongodb/bson/3.0.4/bson-3.0.4.jar:/Users/tien.dao/.m2/repository/org/mongodb/mongodb-driver-core/3.0.4/mongodb-driver-core-3.0.4.jar:/Users/tien.dao/.m2/repository/commons-io/commons-io/2.6/commons-io-2.6.jar:"/>
    <property name="sun.cpu.endian" value="little"/>
    <property name="user.home" value="/Users/tien.dao"/>
    <property name="user.language" value="en"/>
    <property name="java.specification.vendor" value="Oracle Corporation"/>
    <property name="java.version.date" value="2021-04-20"/>
    <property name="java.home" value="/Library/Java/JavaVirtualMachines/jdk-11.0.11.jdk/Contents/Home"/>
    <property name="file.separator" value="/"/>
    <property name="basedir" value="/Users/tien.dao/eclipse-workspace/MySeleniumDemo"/>
    <property name="java.vm.compressedOopsMode" value="Zero based"/>
    <property name="line.separator" value="&#10;"/>
    <property name="java.specification.name" value="Java Platform API Specification"/>
    <property name="java.vm.specification.vendor" value="Oracle Corporation"/>
    <property name="java.awt.graphicsenv" value="sun.awt.CGraphicsEnvironment"/>
    <property name="surefire.real.class.path" value="/Users/tien.dao/eclipse-workspace/MySeleniumDemo/target/surefire/surefirebooter5899454465225884715.jar"/>
    <property name="sun.management.compiler" value="HotSpot 64-Bit Tiered Compilers"/>
    <property name="ftp.nonProxyHosts" value="local|*.local|169.254/16|*.169.254/16"/>
    <property name="java.runtime.version" value="11.0.11+9-LTS-194"/>
    <property name="user.name" value="tien.dao"/>
    <property name="path.separator" value=":"/>
    <property name="os.version" value="10.15"/>
    <property name="java.runtime.name" value="Java(TM) SE Runtime Environment"/>
    <property name="file.encoding" value="UTF-8"/>
    <property name="java.vm.name" value="Java HotSpot(TM) 64-Bit Server VM"/>
    <property name="java.vendor.version" value="18.9"/>
    <property name="localRepository" value="/Users/tien.dao/.m2/repository"/>
    <property name="java.vendor.url.bug" value="https://bugreport.java.com/bugreport/"/>
    <property name="java.io.tmpdir" value="/var/folders/rl/vzc_b0r531z5qnnkyqnvf4512ggxj9/T/"/>
    <property name="java.version" value="11.0.11"/>
    <property name="user.dir" value="/Users/tien.dao/eclipse-workspace/MySeleniumDemo"/>
    <property name="os.arch" value="x86_64"/>
    <property name="java.vm.specification.name" value="Java Virtual Machine Specification"/>
    <property name="java.awt.printerjob" value="sun.lwawt.macosx.CPrinterJob"/>
    <property name="sun.os.patch.level" value="unknown"/>
    <property name="java.library.path" value="/Users/tien.dao/Library/Java/Extensions:/Library/Java/Extensions:/Network/Library/Java/Extensions:/System/Library/Java/Extensions:/usr/lib/java:."/>
    <property name="java.vendor" value="Oracle Corporation"/>
    <property name="java.vm.info" value="mixed mode"/>
    <property name="java.vm.version" value="11.0.11+9-LTS-194"/>
    <property name="sun.io.unicode.encoding" value="UnicodeBig"/>
    <property name="java.class.version" value="55.0"/>
    <property name="socksNonProxyHosts" value="local|*.local|169.254/16|*.169.254/16"/>
  </properties>
  <testcase name="loginTest" classname="qa.testcases.LoginTest" time="21.956"/>
  <testcase name="loginSucess" classname="qa.testcases.LinkedInLoginPageTest" time="8.775"/>
  <testcase name="setUp" classname="qa.testcases.LoginPageTest" time="11.455">
    <failure message="null value in entry: url=null" type="java.lang.NullPointerException">java.lang.NullPointerException: null value in entry: url=null
	at qa.testcases.LoginPageTest.setUp(LoginPageTest.java:23)
</failure>
    <system-out><![CDATA[Before navigating to: 'https://www.linkedin.com/login'
Navigated to:'https://www.linkedin.com/login'
Before navigating to: 'null'
Exception occured: java.lang.NullPointerException: null value in entry: url=null
]]></system-out>
    <system-err><![CDATA[Starting ChromeDriver 91.0.4472.101 (af52a90bf87030dd1523486a1cd3ae25c5d76c9b-refs/branch-heads/4472@{#1462}) on port 32776
Only local connections are allowed.
Please see https://chromedriver.chromium.org/security-considerations for suggestions on keeping ChromeDriver safe.
ChromeDriver was started successfully.
Jun 26, 2021 2:25:30 PM org.openqa.selenium.remote.ProtocolHandshake createSession
INFO: Detected dialect: W3C
]]></system-err>
  </testcase>
  <testcase name="setUp" classname="qa.testcases.LoginPageTest" time="0">
    <skipped/>
  </testcase>
  <testcase name="setUp" classname="qa.testcases.LoginPageTest" time="0">
    <skipped/>
  </testcase>
  <testcase name="loginPageTitleTest" classname="qa.testcases.LoginPageTest" time="0">
    <skipped message="null value in entry: url=null"/>
  </testcase>
  <testcase name="sendMessageSuccess" classname="qa.testcases.SendMessageTest" time="11.018"/>
  <testcase name="crmLogoImageTest" classname="qa.testcases.LoginPageTest" time="0">
    <skipped message="null value in entry: url=null"/>
  </testcase>
  <testcase name="loginTest" classname="qa.testcases.LoginPageTest" time="0">
    <skipped message="null value in entry: url=null"/>
  </testcase>
</testsuite>