<?xml version="1.0" encoding="UTF-8"?>
<!-- Generated by org.testng.reporters.JUnitReportReporter -->
<testsuite hostname="mbp-0043" failures="0" tests="1" name="qa.testcases.SendMessageTest" time="18.143" errors="0" timestamp="26 Jun 2021 07:22:04 GMT" skipped="0">
  <testcase classname="qa.testcases.SendMessageTest" name="sendMessageSuccess" time="18.143"/>
</testsuite> <!-- qa.testcases.SendMessageTest -->
