<?xml version="1.0" encoding="UTF-8"?>
<!-- Generated by org.testng.reporters.JUnitReportReporter -->
<testsuite hostname="mbp-0043" failures="0" tests="1" name="qa.testcases.LinkedInLoginPageTest" time="7.573" errors="0" timestamp="25 Jun 2021 17:49:17 GMT" skipped="0">
  <testcase classname="qa.testcases.LinkedInLoginPageTest" name="loginSucess" time="7.573"/>
</testsuite> <!-- qa.testcases.LinkedInLoginPageTest -->
