<?xml version="1.0" encoding="UTF-8"?>
<!-- Generated by org.testng.reporters.JUnitReportReporter -->
<testsuite hostname="mbp-0043" failures="0" tests="1" name="qa.testcases.LoginPageTest" time="14.504" errors="0" timestamp="28 Jun 2021 09:51:25 GMT" skipped="0">
  <testcase classname="qa.testcases.LoginPageTest" name="loginSucess" time="14.504"/>
</testsuite> <!-- qa.testcases.LoginPageTest -->
