<?xml version="1.0" encoding="UTF-8"?>
<!-- Generated by org.testng.reporters.JUnitReportReporter -->
<testsuite hostname="mbp-0043" failures="0" tests="1" name="qa.testcases.SendMessageTest" time="22.967" errors="0" timestamp="28 Jun 2021 09:51:25 GMT" skipped="0">
  <testcase classname="qa.testcases.SendMessageTest" name="sendMessageSuccess" time="22.967"/>
</testsuite> <!-- qa.testcases.SendMessageTest -->
