<?xml version="1.0" encoding="UTF-8"?>
<!-- Generated by org.testng.reporters.JUnitReportReporter -->
<testsuite hostname="mbp-0043" failures="0" tests="1" name="qa.testcases.LoginTest" time="43.268" errors="0" timestamp="28 Jun 2021 09:31:47 GMT" skipped="0">
  <testcase classname="qa.testcases.LoginTest" name="loginTest" time="43.268"/>
</testsuite> <!-- qa.testcases.LoginTest -->
