<?xml version="1.0" encoding="UTF-8"?>
<!-- Generated by org.testng.reporters.JUnitReportReporter -->
<testsuite hostname="mbp-0043" failures="0" tests="1" name="qa.testcases.LinkedInLoginPageTest" time="11.347" errors="0" timestamp="26 Jun 2021 07:25:44 GMT" skipped="0">
  <testcase classname="qa.testcases.LinkedInLoginPageTest" name="loginSucess" time="11.347"/>
</testsuite> <!-- qa.testcases.LinkedInLoginPageTest -->
