<?xml version="1.0" encoding="UTF-8"?>
<!-- Generated by org.testng.reporters.JUnitReportReporter -->
<testsuite hostname="mbp-0043" failures="0" tests="1" name="qa.testcases.LoginTest" time="21.956" errors="0" timestamp="26 Jun 2021 07:25:44 GMT" skipped="0">
  <testcase classname="qa.testcases.LoginTest" name="loginTest" time="21.956"/>
</testsuite> <!-- qa.testcases.LoginTest -->
